# JRE version: Java(TM) SE Runtime Environment (8.0_202-b08) (build 1.8.0_202-b08)
# Java VM: Java HotSpot(TM) 64-Bit Server VM (25.202-b08 mixed mode windows-amd64 compressed oops)
Heap:
 PSYoungGen      total 451072K, used 217596K [0x0000000716900000, 0x0000000736900000, 0x00000007c0000000)
  eden space 387072K, 56% used [0x0000000716900000,0x0000000723d2f0a0,0x000000072e300000)
  from space 64000K, 0% used [0x0000000732380000,0x00000007323d0020,0x0000000736200000)
  to   space 66048K, 0% used [0x000000072e300000,0x000000072e300000,0x0000000732380000)
 ParOldGen       total 188416K, used 152111K [0x00000005c3a00000, 0x00000005cf200000, 0x0000000716900000)
  object space 188416K, 80% used [0x00000005c3a00000,0x00000005cce8bf98,0x00000005cf200000)
 Metaspace       used 34341K, capacity 35290K, committed 35416K, reserved 1081344K
  class space    used 3777K, capacity 4014K, committed 4096K, reserved 1048576K
GC Heap History (10 events):
Event: 13.667 GC heap before
{Heap before GC invocations=9 (full 1):
 PSYoungGen      total 265728K, used 265713K [0x0000000716900000, 0x0000000729200000, 0x00000007c0000000)
  eden space 227328K, 100% used [0x0000000716900000,0x0000000724700000,0x0000000724700000)
  from space 38400K, 99% used [0x0000000724700000,0x0000000726c7c750,0x0000000726c80000)
  to   space 33792K, 0% used [0x0000000726c80000,0x0000000726c80000,0x0000000728d80000)
 ParOldGen       total 188416K, used 41532K [0x00000005c3a00000, 0x00000005cf200000, 0x0000000716900000)
  object space 188416K, 22% used [0x00000005c3a00000,0x00000005c628f1d0,0x00000005cf200000)
 Metaspace       used 26720K, capacity 27542K, committed 27776K, reserved 1073152K
  class space    used 2961K, capacity 3127K, committed 3200K, reserved 1048576K
Event: 15.678 GC heap after
Heap after GC invocations=9 (full 1):
 PSYoungGen      total 243200K, used 33783K [0x0000000716900000, 0x0000000734d80000, 0x00000007c0000000)
  eden space 209408K, 0% used [0x0000000716900000,0x0000000716900000,0x0000000723580000)
  from space 33792K, 99% used [0x0000000726c80000,0x0000000728d7dfe0,0x0000000728d80000)
  to   space 56320K, 0% used [0x0000000723580000,0x0000000723580000,0x0000000726c80000)
 ParOldGen       total 188416K, used 68752K [0x00000005c3a00000, 0x00000005cf200000, 0x0000000716900000)
  object space 188416K, 36% used [0x00000005c3a00000,0x00000005c7d24238,0x00000005cf200000)
 Metaspace       used 26720K, capacity 27542K, committed 27776K, reserved 1073152K
  class space    used 2961K, capacity 3127K, committed 3200K, reserved 1048576K
}
Event: 16.816 GC heap before
{Heap before GC invocations=10 (full 1):
 PSYoungGen      total 243200K, used 243191K [0x0000000716900000, 0x0000000734d80000, 0x00000007c0000000)
  eden space 209408K, 100% used [0x0000000716900000,0x0000000723580000,0x0000000723580000)
  from space 33792K, 99% used [0x0000000726c80000,0x0000000728d7dfe0,0x0000000728d80000)
  to   space 56320K, 0% used [0x0000000723580000,0x0000000723580000,0x0000000726c80000)
 ParOldGen       total 188416K, used 68752K [0x00000005c3a00000, 0x00000005cf200000, 0x0000000716900000)
  object space 188416K, 36% used [0x00000005c3a00000,0x00000005c7d24238,0x00000005cf200000)
 Metaspace       used 28129K, capacity 28886K, committed 29184K, reserved 1075200K
  class space    used 3082K, capacity 3255K, committed 3328K, reserved 1048576K
Event: 16.839 GC heap after
Heap after GC invocations=10 (full 1):
 PSYoungGen      total 265728K, used 44685K [0x0000000716900000, 0x000000072f900000, 0x00000007c0000000)
  eden space 209408K, 0% used [0x0000000716900000,0x0000000716900000,0x0000000723580000)
  from space 56320K, 79% used [0x0000000723580000,0x00000007261234a0,0x0000000726c80000)
  to   space 58880K, 0% used [0x000000072bf80000,0x000000072bf80000,0x000000072f900000)
 ParOldGen       total 188416K, used 90464K [0x00000005c3a00000, 0x00000005cf200000, 0x0000000716900000)
  object space 188416K, 48% used [0x00000005c3a00000,0x00000005c92582a0,0x00000005cf200000)
 Metaspace       used 28129K, capacity 28886K, committed 29184K, reserved 1075200K
  class space    used 3082K, capacity 3255K, committed 3328K, reserved 1048576K
}
Event: 18.784 GC heap before
{Heap before GC invocations=11 (full 1):
 PSYoungGen      total 265728K, used 254093K [0x0000000716900000, 0x000000072f900000, 0x00000007c0000000)
  eden space 209408K, 100% used [0x0000000716900000,0x0000000723580000,0x0000000723580000)
  from space 56320K, 79% used [0x0000000723580000,0x00000007261234a0,0x0000000726c80000)
  to   space 58880K, 0% used [0x000000072bf80000,0x000000072bf80000,0x000000072f900000)
 ParOldGen       total 188416K, used 90464K [0x00000005c3a00000, 0x00000005cf200000, 0x0000000716900000)
  object space 188416K, 48% used [0x00000005c3a00000,0x00000005c92582a0,0x00000005cf200000)
 Metaspace       used 30192K, capacity 30978K, committed 31232K, reserved 1077248K
  class space    used 3286K, capacity 3462K, committed 3584K, reserved 1048576K
Event: 18.801 GC heap after
Heap after GC invocations=11 (full 1):
 PSYoungGen      total 347648K, used 49225K [0x0000000716900000, 0x000000072fc00000, 0x00000007c0000000)
  eden space 288768K, 0% used [0x0000000716900000,0x0000000716900000,0x0000000728300000)
  from space 58880K, 83% used [0x000000072bf80000,0x000000072ef92618,0x000000072f900000)
  to   space 61952K, 0% used [0x0000000728300000,0x0000000728300000,0x000000072bf80000)
 ParOldGen       total 188416K, used 102213K [0x00000005c3a00000, 0x00000005cf200000, 0x0000000716900000)
  object space 188416K, 54% used [0x00000005c3a00000,0x00000005c9dd15f8,0x00000005cf200000)
 Metaspace       used 30192K, capacity 30978K, committed 31232K, reserved 1077248K
  class space    used 3286K, capacity 3462K, committed 3584K, reserved 1048576K
}
Event: 24.374 GC heap before
{Heap before GC invocations=12 (full 1):
 PSYoungGen      total 347648K, used 337993K [0x0000000716900000, 0x000000072fc00000, 0x00000007c0000000)
  eden space 288768K, 100% used [0x0000000716900000,0x0000000728300000,0x0000000728300000)
  from space 58880K, 83% used [0x000000072bf80000,0x000000072ef92618,0x000000072f900000)
  to   space 61952K, 0% used [0x0000000728300000,0x0000000728300000,0x000000072bf80000)
 ParOldGen       total 188416K, used 102213K [0x00000005c3a00000, 0x00000005cf200000, 0x0000000716900000)
  object space 188416K, 54% used [0x00000005c3a00000,0x00000005c9dd15f8,0x00000005cf200000)
 Metaspace       used 32930K, capacity 33852K, committed 34048K, reserved 1079296K
  class space    used 3621K, capacity 3836K, committed 3840K, reserved 1048576K
Event: 24.388 GC heap after
Heap after GC invocations=12 (full 1):
 PSYoungGen      total 350720K, used 9874K [0x0000000716900000, 0x0000000736200000, 0x00000007c0000000)
  eden space 288768K, 0% used [0x0000000716900000,0x0000000716900000,0x0000000728300000)
  from space 61952K, 15% used [0x0000000728300000,0x0000000728ca4b90,0x000000072bf80000)
  to   space 64000K, 0% used [0x0000000732380000,0x0000000732380000,0x0000000736200000)
 ParOldGen       total 188416K, used 145014K [0x00000005c3a00000, 0x00000005cf200000, 0x0000000716900000)
  object space 188416K, 76% used [0x00000005c3a00000,0x00000005cc79da98,0x00000005cf200000)
 Metaspace       used 32930K, capacity 33852K, committed 34048K, reserved 1079296K
  class space    used 3621K, capacity 3836K, committed 3840K, reserved 1048576K
}
Event: 24.734 GC heap before
{Heap before GC invocations=13 (full 1):
 PSYoungGen      total 350720K, used 298642K [0x0000000716900000, 0x0000000736200000, 0x00000007c0000000)
  eden space 288768K, 100% used [0x0000000716900000,0x0000000728300000,0x0000000728300000)
  from space 61952K, 15% used [0x0000000728300000,0x0000000728ca4b90,0x000000072bf80000)
  to   space 64000K, 0% used [0x0000000732380000,0x0000000732380000,0x0000000736200000)
 ParOldGen       total 188416K, used 145014K [0x00000005c3a00000, 0x00000005cf200000, 0x0000000716900000)
  object space 188416K, 76% used [0x00000005c3a00000,0x00000005cc79da98,0x00000005cf200000)
 Metaspace       used 32957K, capacity 33870K, committed 34048K, reserved 1079296K
  class space    used 3622K, capacity 3839K, committed 3840K, reserved 1048576K
Event: 24.739 GC heap after
Heap after GC invocations=13 (full 1):
 PSYoungGen      total 451072K, used 320K [0x0000000716900000, 0x0000000736900000, 0x00000007c0000000)
  eden space 387072K, 0% used [0x0000000716900000,0x0000000716900000,0x000000072e300000)
  from space 64000K, 0% used [0x0000000732380000,0x00000007323d0020,0x0000000736200000)
  to   space 66048K, 0% used [0x000000072e300000,0x000000072e300000,0x0000000732380000)
 ParOldGen       total 188416K, used 152111K [0x00000005c3a00000, 0x00000005cf200000, 0x0000000716900000)
  object space 188416K, 80% used [0x00000005c3a00000,0x00000005cce8bf98,0x00000005cf200000)
 Metaspace       used 32957K, capacity 33870K, committed 34048K, reserved 1079296K
  class space    used 3622K, capacity 3839K, committed 3840K, reserved 1048576K
}

